[==========] Running 5 tests from 1 test case.
[----------] Global test environment set-up.
[----------] 5 tests from BankAccountTests
[ RUN      ] BankAccountTests.InitialEmptyBalance
[       OK ] BankAccountTests.InitialEmptyBalance (0 ms)
[ RUN      ] BankAccountTests.NegativeDeposit
[       OK ] BankAccountTests.NegativeDeposit (0 ms)
[ RUN      ] BankAccountTests.BalanceAfterDeposit
[       OK ] BankAccountTests.BalanceAfterDeposit (0 ms)
[ RUN      ] BankAccountTests.NegativeWithdrawal
[       OK ] BankAccountTests.NegativeWithdrawal (0 ms)
[ RUN      ] BankAccountTests.InsufficientBalance
[       OK ] BankAccountTests.InsufficientBalance (0 ms)
[----------] 5 tests from BankAccountTests (0 ms total)

[----------] Global test environment tear-down
[==========] 5 tests from 1 test case ran. (0 ms total)
[  PASSED  ] 5 tests.
